# JRE version: OpenJDK Runtime Environment Temurin-17.0.10+7 (17.0.10+7) (build 17.0.10+7)
# Java VM: OpenJDK 64-Bit Server VM Temurin-17.0.10+7 (17.0.10+7, mixed mode, emulated-client, tiered, compressed oops, compressed class ptrs, g1 gc, windows-amd64)
GC Precious Log:
 CPUs: 8 total, 8 available
 Memory: 7834M
 Large Page Support: Disabled
 NUMA Support: Disabled
 Compressed Oops: Enabled (32-bit)
 Heap Region Size: 1M
 Heap Min Capacity: 8M
 Heap Initial Capacity: 124M
 Heap Max Capacity: 1G
 Pre-touch: Disabled
 Parallel Workers: 8
 Concurrent Workers: 2
 Concurrent Refinement Workers: 8
 Periodic GC: Disabled
Heap:
 garbage-first heap   total 75776K, used 49904K [0x00000000c0000000, 0x0000000100000000)
  region size 1024K, 25 young (25600K), 3 survivors (3072K)
 Metaspace       used 38923K, committed 39360K, reserved 1114112K
  class space    used 5160K, committed 5376K, reserved 1048576K
GC Heap History (12 events):
Event: 0.998 GC heap before
{Heap before GC invocations=0 (full 0):
 garbage-first heap   total 126976K, used 28672K [0x00000000c0000000, 0x0000000100000000)
  region size 1024K, 23 young (23552K), 0 survivors (0K)
 Metaspace       used 7879K, committed 8064K, reserved 1114112K
  class space    used 844K, committed 960K, reserved 1048576K
}
Event: 1.004 GC heap after
{Heap after GC invocations=1 (full 0):
 garbage-first heap   total 126976K, used 15812K [0x00000000c0000000, 0x0000000100000000)
  region size 1024K, 3 young (3072K), 3 survivors (3072K)
 Metaspace       used 7879K, committed 8064K, reserved 1114112K
  class space    used 844K, committed 960K, reserved 1048576K
}
Event: 1.572 GC heap before
{Heap before GC invocations=1 (full 0):
 garbage-first heap   total 126976K, used 39364K [0x00000000c0000000, 0x0000000100000000)
  region size 1024K, 26 young (26624K), 3 survivors (3072K)
 Metaspace       used 13873K, committed 14080K, reserved 1114112K
  class space    used 1719K, committed 1792K, reserved 1048576K
}
Event: 1.581 GC heap after
{Heap after GC invocations=2 (full 0):
 garbage-first heap   total 126976K, used 17492K [0x00000000c0000000, 0x0000000100000000)
  region size 1024K, 2 young (2048K), 2 survivors (2048K)
 Metaspace       used 13873K, committed 14080K, reserved 1114112K
  class space    used 1719K, committed 1792K, reserved 1048576K
}
Event: 2.081 GC heap before
{Heap before GC invocations=2 (full 0):
 garbage-first heap   total 126976K, used 50260K [0x00000000c0000000, 0x0000000100000000)
  region size 1024K, 35 young (35840K), 2 survivors (2048K)
 Metaspace       used 21283K, committed 21504K, reserved 1114112K
  class space    used 2618K, committed 2752K, reserved 1048576K
}
Event: 2.086 GC heap after
{Heap after GC invocations=3 (full 0):
 garbage-first heap   total 126976K, used 20410K [0x00000000c0000000, 0x0000000100000000)
  region size 1024K, 5 young (5120K), 5 survivors (5120K)
 Metaspace       used 21283K, committed 21504K, reserved 1114112K
  class space    used 2618K, committed 2752K, reserved 1048576K
}
Event: 2.587 GC heap before
{Heap before GC invocations=4 (full 0):
 garbage-first heap   total 75776K, used 58298K [0x00000000c0000000, 0x0000000100000000)
  region size 1024K, 43 young (44032K), 5 survivors (5120K)
 Metaspace       used 27929K, committed 28224K, reserved 1114112K
  class space    used 3476K, committed 3584K, reserved 1048576K
}
Event: 2.595 GC heap after
{Heap after GC invocations=5 (full 0):
 garbage-first heap   total 75776K, used 23518K [0x00000000c0000000, 0x0000000100000000)
  region size 1024K, 6 young (6144K), 6 survivors (6144K)
 Metaspace       used 27929K, committed 28224K, reserved 1114112K
  class space    used 3476K, committed 3584K, reserved 1048576K
}
Event: 3.183 GC heap before
{Heap before GC invocations=5 (full 0):
 garbage-first heap   total 75776K, used 49118K [0x00000000c0000000, 0x0000000100000000)
  region size 1024K, 32 young (32768K), 6 survivors (6144K)
 Metaspace       used 32114K, committed 32512K, reserved 1114112K
  class space    used 4076K, committed 4288K, reserved 1048576K
}
Event: 3.191 GC heap after
{Heap after GC invocations=6 (full 0):
 garbage-first heap   total 75776K, used 25699K [0x00000000c0000000, 0x0000000100000000)
  region size 1024K, 3 young (3072K), 3 survivors (3072K)
 Metaspace       used 32114K, committed 32512K, reserved 1114112K
  class space    used 4076K, committed 4288K, reserved 1048576K
}
Event: 3.722 GC heap before
{Heap before GC invocations=6 (full 0):
 garbage-first heap   total 75776K, used 48227K [0x00000000c0000000, 0x0000000100000000)
  region size 1024K, 27 young (27648K), 3 survivors (3072K)
 Metaspace       used 35577K, committed 35968K, reserved 1114112K
  class space    used 4577K, committed 4736K, reserved 1048576K
}
Event: 3.731 GC heap after
{Heap after GC invocations=7 (full 0):
 garbage-first heap   total 75776K, used 28400K [0x00000000c0000000, 0x0000000100000000)
  region size 1024K, 3 young (3072K), 3 survivors (3072K)
 Metaspace       used 35577K, committed 35968K, reserved 1114112K
  class space    used 4577K, committed 4736K, reserved 1048576K
}

