# JRE version: OpenJDK Runtime Environment Temurin-17.0.10+7 (17.0.10+7) (build 17.0.10+7)
# Java VM: OpenJDK 64-Bit Server VM Temurin-17.0.10+7 (17.0.10+7, mixed mode, tiered, compressed oops, compressed class ptrs, parallel gc, windows-amd64)
GC Precious Log:
 CPUs: 8 total, 8 available
 Memory: 7834M
 Large Page Support: Disabled
 NUMA Support: Disabled
 Compressed Oops: Enabled (32-bit)
 Alignments: Space 512K, Generation 512K, Heap 2M
 Heap Min Capacity: 100M
 Heap Initial Capacity: 100M
 Heap Max Capacity: 1G
 Pre-touch: Disabled
 Parallel Workers: 8
Heap:
 PSYoungGen      total 24576K, used 2805K [0x00000000eab00000, 0x00000000ec700000, 0x0000000100000000)
  eden space 21504K, 0% used [0x00000000eab00000,0x00000000eab00000,0x00000000ec000000)
  from space 3072K, 91% used [0x00000000ec400000,0x00000000ec6bd658,0x00000000ec700000)
  to   space 3072K, 0% used [0x00000000ec100000,0x00000000ec100000,0x00000000ec400000)
 ParOldGen       total 68608K, used 65926K [0x00000000c0000000, 0x00000000c4300000, 0x00000000eab00000)
  object space 68608K, 96% used [0x00000000c0000000,0x00000000c4061848,0x00000000c4300000)
 Metaspace       used 65775K, committed 67072K, reserved 1114112K
  class space    used 6978K, committed 7488K, reserved 1048576K
GC Heap History (20 events):
Event: 8.500 GC heap before
{Heap before GC invocations=37 (full 3):
 PSYoungGen      total 22528K, used 320K [0x00000000eab00000, 0x00000000ec380000, 0x0000000100000000)
  eden space 22016K, 0% used [0x00000000eab00000,0x00000000eab00000,0x00000000ec080000)
  from space 512K, 62% used [0x00000000ec300000,0x00000000ec350010,0x00000000ec380000)
  to   space 512K, 0% used [0x00000000ec180000,0x00000000ec180000,0x00000000ec200000)
 ParOldGen       total 68608K, used 48768K [0x00000000c0000000, 0x00000000c4300000, 0x00000000eab00000)
  object space 68608K, 71% used [0x00000000c0000000,0x00000000c2fa0140,0x00000000c4300000)
 Metaspace       used 58680K, committed 59776K, reserved 1114112K
  class space    used 6376K, committed 6848K, reserved 1048576K
}
Event: 8.572 GC heap after
{Heap after GC invocations=37 (full 3):
 PSYoungGen      total 22528K, used 0K [0x00000000eab00000, 0x00000000ec380000, 0x0000000100000000)
  eden space 22016K, 0% used [0x00000000eab00000,0x00000000eab00000,0x00000000ec080000)
  from space 512K, 0% used [0x00000000ec300000,0x00000000ec300000,0x00000000ec380000)
  to   space 512K, 0% used [0x00000000ec180000,0x00000000ec180000,0x00000000ec200000)
 ParOldGen       total 68608K, used 45034K [0x00000000c0000000, 0x00000000c4300000, 0x00000000eab00000)
  object space 68608K, 65% used [0x00000000c0000000,0x00000000c2bfa928,0x00000000c4300000)
 Metaspace       used 58680K, committed 59776K, reserved 1114112K
  class space    used 6376K, committed 6848K, reserved 1048576K
}
Event: 8.899 GC heap before
{Heap before GC invocations=38 (full 3):
 PSYoungGen      total 22528K, used 21887K [0x00000000eab00000, 0x00000000ec380000, 0x0000000100000000)
  eden space 22016K, 99% used [0x00000000eab00000,0x00000000ec05fe28,0x00000000ec080000)
  from space 512K, 0% used [0x00000000ec300000,0x00000000ec300000,0x00000000ec380000)
  to   space 512K, 0% used [0x00000000ec180000,0x00000000ec180000,0x00000000ec200000)
 ParOldGen       total 68608K, used 45034K [0x00000000c0000000, 0x00000000c4300000, 0x00000000eab00000)
  object space 68608K, 65% used [0x00000000c0000000,0x00000000c2bfa928,0x00000000c4300000)
 Metaspace       used 60150K, committed 61376K, reserved 1114112K
  class space    used 6527K, committed 7040K, reserved 1048576K
}
Event: 8.899 GC heap after
{Heap after GC invocations=38 (full 3):
 PSYoungGen      total 22528K, used 483K [0x00000000eab00000, 0x00000000ec380000, 0x0000000100000000)
  eden space 22016K, 0% used [0x00000000eab00000,0x00000000eab00000,0x00000000ec080000)
  from space 512K, 94% used [0x00000000ec180000,0x00000000ec1f8fa0,0x00000000ec200000)
  to   space 1024K, 0% used [0x00000000ec280000,0x00000000ec280000,0x00000000ec380000)
 ParOldGen       total 68608K, used 45302K [0x00000000c0000000, 0x00000000c4300000, 0x00000000eab00000)
  object space 68608K, 66% used [0x00000000c0000000,0x00000000c2c3d8c8,0x00000000c4300000)
 Metaspace       used 60150K, committed 61376K, reserved 1114112K
  class space    used 6527K, committed 7040K, reserved 1048576K
}
Event: 9.193 GC heap before
{Heap before GC invocations=39 (full 3):
 PSYoungGen      total 22528K, used 22499K [0x00000000eab00000, 0x00000000ec380000, 0x0000000100000000)
  eden space 22016K, 100% used [0x00000000eab00000,0x00000000ec080000,0x00000000ec080000)
  from space 512K, 94% used [0x00000000ec180000,0x00000000ec1f8fa0,0x00000000ec200000)
  to   space 1024K, 0% used [0x00000000ec280000,0x00000000ec280000,0x00000000ec380000)
 ParOldGen       total 68608K, used 45302K [0x00000000c0000000, 0x00000000c4300000, 0x00000000eab00000)
  object space 68608K, 66% used [0x00000000c0000000,0x00000000c2c3d8c8,0x00000000c4300000)
 Metaspace       used 61294K, committed 62528K, reserved 1114112K
  class space    used 6605K, committed 7104K, reserved 1048576K
}
Event: 9.196 GC heap after
{Heap after GC invocations=39 (full 3):
 PSYoungGen      total 22528K, used 1017K [0x00000000eab00000, 0x00000000ec580000, 0x0000000100000000)
  eden space 21504K, 0% used [0x00000000eab00000,0x00000000eab00000,0x00000000ec000000)
  from space 1024K, 99% used [0x00000000ec280000,0x00000000ec37e490,0x00000000ec380000)
  to   space 2560K, 0% used [0x00000000ec000000,0x00000000ec000000,0x00000000ec280000)
 ParOldGen       total 68608K, used 46398K [0x00000000c0000000, 0x00000000c4300000, 0x00000000eab00000)
  object space 68608K, 67% used [0x00000000c0000000,0x00000000c2d4fa98,0x00000000c4300000)
 Metaspace       used 61294K, committed 62528K, reserved 1114112K
  class space    used 6605K, committed 7104K, reserved 1048576K
}
Event: 9.249 GC heap before
{Heap before GC invocations=40 (full 3):
 PSYoungGen      total 22528K, used 22521K [0x00000000eab00000, 0x00000000ec580000, 0x0000000100000000)
  eden space 21504K, 100% used [0x00000000eab00000,0x00000000ec000000,0x00000000ec000000)
  from space 1024K, 99% used [0x00000000ec280000,0x00000000ec37e490,0x00000000ec380000)
  to   space 2560K, 0% used [0x00000000ec000000,0x00000000ec000000,0x00000000ec280000)
 ParOldGen       total 68608K, used 46398K [0x00000000c0000000, 0x00000000c4300000, 0x00000000eab00000)
  object space 68608K, 67% used [0x00000000c0000000,0x00000000c2d4fa98,0x00000000c4300000)
 Metaspace       used 61297K, committed 62528K, reserved 1114112K
  class space    used 6605K, committed 7104K, reserved 1048576K
}
Event: 9.252 GC heap after
{Heap after GC invocations=40 (full 3):
 PSYoungGen      total 23552K, used 1856K [0x00000000eab00000, 0x00000000ec400000, 0x0000000100000000)
  eden space 21504K, 0% used [0x00000000eab00000,0x00000000eab00000,0x00000000ec000000)
  from space 2048K, 90% used [0x00000000ec000000,0x00000000ec1d0010,0x00000000ec200000)
  to   space 2048K, 0% used [0x00000000ec200000,0x00000000ec200000,0x00000000ec400000)
 ParOldGen       total 68608K, used 47425K [0x00000000c0000000, 0x00000000c4300000, 0x00000000eab00000)
  object space 68608K, 69% used [0x00000000c0000000,0x00000000c2e504e8,0x00000000c4300000)
 Metaspace       used 61297K, committed 62528K, reserved 1114112K
  class space    used 6605K, committed 7104K, reserved 1048576K
}
Event: 9.337 GC heap before
{Heap before GC invocations=41 (full 3):
 PSYoungGen      total 23552K, used 23360K [0x00000000eab00000, 0x00000000ec400000, 0x0000000100000000)
  eden space 21504K, 100% used [0x00000000eab00000,0x00000000ec000000,0x00000000ec000000)
  from space 2048K, 90% used [0x00000000ec000000,0x00000000ec1d0010,0x00000000ec200000)
  to   space 2048K, 0% used [0x00000000ec200000,0x00000000ec200000,0x00000000ec400000)
 ParOldGen       total 68608K, used 47425K [0x00000000c0000000, 0x00000000c4300000, 0x00000000eab00000)
  object space 68608K, 69% used [0x00000000c0000000,0x00000000c2e504e8,0x00000000c4300000)
 Metaspace       used 61447K, committed 62720K, reserved 1114112K
  class space    used 6613K, committed 7104K, reserved 1048576K
}
Event: 9.340 GC heap after
{Heap after GC invocations=41 (full 3):
 PSYoungGen      total 23552K, used 1920K [0x00000000eab00000, 0x00000000ec400000, 0x0000000100000000)
  eden space 21504K, 0% used [0x00000000eab00000,0x00000000eab00000,0x00000000ec000000)
  from space 2048K, 93% used [0x00000000ec200000,0x00000000ec3e0010,0x00000000ec400000)
  to   space 2048K, 0% used [0x00000000ec000000,0x00000000ec000000,0x00000000ec200000)
 ParOldGen       total 68608K, used 49153K [0x00000000c0000000, 0x00000000c4300000, 0x00000000eab00000)
  object space 68608K, 71% used [0x00000000c0000000,0x00000000c30004e8,0x00000000c4300000)
 Metaspace       used 61447K, committed 62720K, reserved 1114112K
  class space    used 6613K, committed 7104K, reserved 1048576K
}
Event: 9.620 GC heap before
{Heap before GC invocations=42 (full 3):
 PSYoungGen      total 23552K, used 23424K [0x00000000eab00000, 0x00000000ec400000, 0x0000000100000000)
  eden space 21504K, 100% used [0x00000000eab00000,0x00000000ec000000,0x00000000ec000000)
  from space 2048K, 93% used [0x00000000ec200000,0x00000000ec3e0010,0x00000000ec400000)
  to   space 2048K, 0% used [0x00000000ec000000,0x00000000ec000000,0x00000000ec200000)
 ParOldGen       total 68608K, used 49153K [0x00000000c0000000, 0x00000000c4300000, 0x00000000eab00000)
  object space 68608K, 71% used [0x00000000c0000000,0x00000000c30004e8,0x00000000c4300000)
 Metaspace       used 63018K, committed 64256K, reserved 1114112K
  class space    used 6713K, committed 7168K, reserved 1048576K
}
Event: 9.627 GC heap after
{Heap after GC invocations=42 (full 3):
 PSYoungGen      total 23552K, used 2016K [0x00000000eab00000, 0x00000000ed200000, 0x0000000100000000)
  eden space 21504K, 0% used [0x00000000eab00000,0x00000000eab00000,0x00000000ec000000)
  from space 2048K, 98% used [0x00000000ec000000,0x00000000ec1f8040,0x00000000ec200000)
  to   space 9216K, 0% used [0x00000000ec900000,0x00000000ec900000,0x00000000ed200000)
 ParOldGen       total 68608K, used 55250K [0x00000000c0000000, 0x00000000c4300000, 0x00000000eab00000)
  object space 68608K, 80% used [0x00000000c0000000,0x00000000c35f49c0,0x00000000c4300000)
 Metaspace       used 63018K, committed 64256K, reserved 1114112K
  class space    used 6713K, committed 7168K, reserved 1048576K
}
Event: 9.730 GC heap before
{Heap before GC invocations=43 (full 3):
 PSYoungGen      total 23552K, used 23520K [0x00000000eab00000, 0x00000000ed200000, 0x0000000100000000)
  eden space 21504K, 100% used [0x00000000eab00000,0x00000000ec000000,0x00000000ec000000)
  from space 2048K, 98% used [0x00000000ec000000,0x00000000ec1f8040,0x00000000ec200000)
  to   space 9216K, 0% used [0x00000000ec900000,0x00000000ec900000,0x00000000ed200000)
 ParOldGen       total 68608K, used 55250K [0x00000000c0000000, 0x00000000c4300000, 0x00000000eab00000)
  object space 68608K, 80% used [0x00000000c0000000,0x00000000c35f49c0,0x00000000c4300000)
 Metaspace       used 64222K, committed 65536K, reserved 1114112K
  class space    used 6812K, committed 7360K, reserved 1048576K
}
Event: 9.733 GC heap after
{Heap after GC invocations=43 (full 3):
 PSYoungGen      total 23552K, used 1583K [0x00000000eab00000, 0x00000000ecb00000, 0x0000000100000000)
  eden space 21504K, 0% used [0x00000000eab00000,0x00000000eab00000,0x00000000ec000000)
  from space 2048K, 77% used [0x00000000ec900000,0x00000000eca8bfe0,0x00000000ecb00000)
  to   space 4096K, 0% used [0x00000000ec300000,0x00000000ec300000,0x00000000ec700000)
 ParOldGen       total 68608K, used 57267K [0x00000000c0000000, 0x00000000c4300000, 0x00000000eab00000)
  object space 68608K, 83% used [0x00000000c0000000,0x00000000c37ecff0,0x00000000c4300000)
 Metaspace       used 64222K, committed 65536K, reserved 1114112K
  class space    used 6812K, committed 7360K, reserved 1048576K
}
Event: 9.817 GC heap before
{Heap before GC invocations=44 (full 3):
 PSYoungGen      total 23552K, used 23087K [0x00000000eab00000, 0x00000000ecb00000, 0x0000000100000000)
  eden space 21504K, 100% used [0x00000000eab00000,0x00000000ec000000,0x00000000ec000000)
  from space 2048K, 77% used [0x00000000ec900000,0x00000000eca8bfe0,0x00000000ecb00000)
  to   space 4096K, 0% used [0x00000000ec300000,0x00000000ec300000,0x00000000ec700000)
 ParOldGen       total 68608K, used 57267K [0x00000000c0000000, 0x00000000c4300000, 0x00000000eab00000)
  object space 68608K, 83% used [0x00000000c0000000,0x00000000c37ecff0,0x00000000c4300000)
 Metaspace       used 64665K, committed 65984K, reserved 1114112K
  class space    used 6863K, committed 7424K, reserved 1048576K
}
Event: 9.820 GC heap after
{Heap after GC invocations=44 (full 3):
 PSYoungGen      total 25600K, used 1824K [0x00000000eab00000, 0x00000000ec980000, 0x0000000100000000)
  eden space 21504K, 0% used [0x00000000eab00000,0x00000000eab00000,0x00000000ec000000)
  from space 4096K, 44% used [0x00000000ec300000,0x00000000ec4c8000,0x00000000ec700000)
  to   space 2560K, 0% used [0x00000000ec700000,0x00000000ec700000,0x00000000ec980000)
 ParOldGen       total 68608K, used 58537K [0x00000000c0000000, 0x00000000c4300000, 0x00000000eab00000)
  object space 68608K, 85% used [0x00000000c0000000,0x00000000c392a6f8,0x00000000c4300000)
 Metaspace       used 64665K, committed 65984K, reserved 1114112K
  class space    used 6863K, committed 7424K, reserved 1048576K
}
Event: 9.884 GC heap before
{Heap before GC invocations=45 (full 3):
 PSYoungGen      total 25600K, used 23328K [0x00000000eab00000, 0x00000000ec980000, 0x0000000100000000)
  eden space 21504K, 100% used [0x00000000eab00000,0x00000000ec000000,0x00000000ec000000)
  from space 4096K, 44% used [0x00000000ec300000,0x00000000ec4c8000,0x00000000ec700000)
  to   space 2560K, 0% used [0x00000000ec700000,0x00000000ec700000,0x00000000ec980000)
 ParOldGen       total 68608K, used 58537K [0x00000000c0000000, 0x00000000c4300000, 0x00000000eab00000)
  object space 68608K, 85% used [0x00000000c0000000,0x00000000c392a6f8,0x00000000c4300000)
 Metaspace       used 65060K, committed 66368K, reserved 1114112K
  class space    used 6898K, committed 7424K, reserved 1048576K
}
Event: 9.890 GC heap after
{Heap after GC invocations=45 (full 3):
 PSYoungGen      total 24064K, used 2528K [0x00000000eab00000, 0x00000000eca00000, 0x0000000100000000)
  eden space 21504K, 0% used [0x00000000eab00000,0x00000000eab00000,0x00000000ec000000)
  from space 2560K, 98% used [0x00000000ec700000,0x00000000ec978030,0x00000000ec980000)
  to   space 5120K, 0% used [0x00000000ec000000,0x00000000ec000000,0x00000000ec500000)
 ParOldGen       total 68608K, used 60268K [0x00000000c0000000, 0x00000000c4300000, 0x00000000eab00000)
  object space 68608K, 87% used [0x00000000c0000000,0x00000000c3adb088,0x00000000c4300000)
 Metaspace       used 65060K, committed 66368K, reserved 1114112K
  class space    used 6898K, committed 7424K, reserved 1048576K
}
Event: 9.927 GC heap before
{Heap before GC invocations=46 (full 3):
 PSYoungGen      total 24064K, used 23960K [0x00000000eab00000, 0x00000000eca00000, 0x0000000100000000)
  eden space 21504K, 99% used [0x00000000eab00000,0x00000000ebfee270,0x00000000ec000000)
  from space 2560K, 98% used [0x00000000ec700000,0x00000000ec978030,0x00000000ec980000)
  to   space 5120K, 0% used [0x00000000ec000000,0x00000000ec000000,0x00000000ec500000)
 ParOldGen       total 68608K, used 60268K [0x00000000c0000000, 0x00000000c4300000, 0x00000000eab00000)
  object space 68608K, 87% used [0x00000000c0000000,0x00000000c3adb088,0x00000000c4300000)
 Metaspace       used 65331K, committed 66688K, reserved 1114112K
  class space    used 6931K, committed 7488K, reserved 1048576K
}
Event: 9.932 GC heap after
{Heap after GC invocations=46 (full 3):
 PSYoungGen      total 25088K, used 3289K [0x00000000eab00000, 0x00000000ec800000, 0x0000000100000000)
  eden space 21504K, 0% used [0x00000000eab00000,0x00000000eab00000,0x00000000ec000000)
  from space 3584K, 91% used [0x00000000ec000000,0x00000000ec336790,0x00000000ec380000)
  to   space 4096K, 0% used [0x00000000ec400000,0x00000000ec400000,0x00000000ec800000)
 ParOldGen       total 68608K, used 62756K [0x00000000c0000000, 0x00000000c4300000, 0x00000000eab00000)
  object space 68608K, 91% used [0x00000000c0000000,0x00000000c3d49098,0x00000000c4300000)
 Metaspace       used 65331K, committed 66688K, reserved 1114112K
  class space    used 6931K, committed 7488K, reserved 1048576K
}

