# JRE version: OpenJDK Runtime Environment Temurin-17.0.10+7 (17.0.10+7) (build 17.0.10+7)
# Java VM: OpenJDK 64-Bit Server VM Temurin-17.0.10+7 (17.0.10+7, mixed mode, emulated-client, tiered, compressed oops, compressed class ptrs, g1 gc, windows-amd64)
GC Precious Log:
 CPUs: 8 total, 8 available
 Memory: 7834M
 Large Page Support: Disabled
 NUMA Support: Disabled
 Compressed Oops: Enabled (32-bit)
 Heap Region Size: 1M
 Heap Min Capacity: 8M
 Heap Initial Capacity: 124M
 Heap Max Capacity: 1G
 Pre-touch: Disabled
 Parallel Workers: 8
 Concurrent Workers: 2
 Concurrent Refinement Workers: 8
 Periodic GC: Disabled
Heap:
 garbage-first heap   total 119808K, used 35894K [0x00000000c0000000, 0x0000000100000000)
  region size 1024K, 1 young (1024K), 0 survivors (0K)
 Metaspace       used 60378K, committed 61184K, reserved 1114112K
  class space    used 7559K, committed 7872K, reserved 1048576K
GC Heap History (20 events):
Event: 3127.077 GC heap before
{Heap before GC invocations=153 (full 135):
 garbage-first heap   total 119808K, used 35894K [0x00000000c0000000, 0x0000000100000000)
  region size 1024K, 1 young (1024K), 0 survivors (0K)
 Metaspace       used 60378K, committed 61184K, reserved 1114112K
  class space    used 7559K, committed 7872K, reserved 1048576K
}
Event: 3127.132 GC heap after
{Heap after GC invocations=154 (full 136):
 garbage-first heap   total 119808K, used 35894K [0x00000000c0000000, 0x0000000100000000)
  region size 1024K, 0 young (0K), 0 survivors (0K)
 Metaspace       used 60378K, committed 61184K, reserved 1114112K
  class space    used 7559K, committed 7872K, reserved 1048576K
}
Event: 3137.443 GC heap before
{Heap before GC invocations=154 (full 136):
 garbage-first heap   total 119808K, used 35894K [0x00000000c0000000, 0x0000000100000000)
  region size 1024K, 1 young (1024K), 0 survivors (0K)
 Metaspace       used 60378K, committed 61184K, reserved 1114112K
  class space    used 7559K, committed 7872K, reserved 1048576K
}
Event: 3137.502 GC heap after
{Heap after GC invocations=155 (full 137):
 garbage-first heap   total 119808K, used 35894K [0x00000000c0000000, 0x0000000100000000)
  region size 1024K, 0 young (0K), 0 survivors (0K)
 Metaspace       used 60378K, committed 61184K, reserved 1114112K
  class space    used 7559K, committed 7872K, reserved 1048576K
}
Event: 3147.725 GC heap before
{Heap before GC invocations=155 (full 137):
 garbage-first heap   total 119808K, used 35894K [0x00000000c0000000, 0x0000000100000000)
  region size 1024K, 1 young (1024K), 0 survivors (0K)
 Metaspace       used 60378K, committed 61184K, reserved 1114112K
  class space    used 7559K, committed 7872K, reserved 1048576K
}
Event: 3147.791 GC heap after
{Heap after GC invocations=156 (full 138):
 garbage-first heap   total 119808K, used 35894K [0x00000000c0000000, 0x0000000100000000)
  region size 1024K, 0 young (0K), 0 survivors (0K)
 Metaspace       used 60378K, committed 61184K, reserved 1114112K
  class space    used 7559K, committed 7872K, reserved 1048576K
}
Event: 3158.088 GC heap before
{Heap before GC invocations=156 (full 138):
 garbage-first heap   total 119808K, used 35894K [0x00000000c0000000, 0x0000000100000000)
  region size 1024K, 1 young (1024K), 0 survivors (0K)
 Metaspace       used 60378K, committed 61184K, reserved 1114112K
  class space    used 7559K, committed 7872K, reserved 1048576K
}
Event: 3158.147 GC heap after
{Heap after GC invocations=157 (full 139):
 garbage-first heap   total 119808K, used 35894K [0x00000000c0000000, 0x0000000100000000)
  region size 1024K, 0 young (0K), 0 survivors (0K)
 Metaspace       used 60378K, committed 61184K, reserved 1114112K
  class space    used 7559K, committed 7872K, reserved 1048576K
}
Event: 3168.366 GC heap before
{Heap before GC invocations=157 (full 139):
 garbage-first heap   total 119808K, used 35894K [0x00000000c0000000, 0x0000000100000000)
  region size 1024K, 1 young (1024K), 0 survivors (0K)
 Metaspace       used 60378K, committed 61184K, reserved 1114112K
  class space    used 7559K, committed 7872K, reserved 1048576K
}
Event: 3168.420 GC heap after
{Heap after GC invocations=158 (full 140):
 garbage-first heap   total 119808K, used 35894K [0x00000000c0000000, 0x0000000100000000)
  region size 1024K, 0 young (0K), 0 survivors (0K)
 Metaspace       used 60378K, committed 61184K, reserved 1114112K
  class space    used 7559K, committed 7872K, reserved 1048576K
}
Event: 3178.638 GC heap before
{Heap before GC invocations=158 (full 140):
 garbage-first heap   total 119808K, used 35894K [0x00000000c0000000, 0x0000000100000000)
  region size 1024K, 1 young (1024K), 0 survivors (0K)
 Metaspace       used 60378K, committed 61184K, reserved 1114112K
  class space    used 7559K, committed 7872K, reserved 1048576K
}
Event: 3178.683 GC heap after
{Heap after GC invocations=159 (full 141):
 garbage-first heap   total 119808K, used 35894K [0x00000000c0000000, 0x0000000100000000)
  region size 1024K, 0 young (0K), 0 survivors (0K)
 Metaspace       used 60378K, committed 61184K, reserved 1114112K
  class space    used 7559K, committed 7872K, reserved 1048576K
}
Event: 3188.988 GC heap before
{Heap before GC invocations=159 (full 141):
 garbage-first heap   total 119808K, used 35894K [0x00000000c0000000, 0x0000000100000000)
  region size 1024K, 1 young (1024K), 0 survivors (0K)
 Metaspace       used 60378K, committed 61184K, reserved 1114112K
  class space    used 7559K, committed 7872K, reserved 1048576K
}
Event: 3189.035 GC heap after
{Heap after GC invocations=160 (full 142):
 garbage-first heap   total 119808K, used 35894K [0x00000000c0000000, 0x0000000100000000)
  region size 1024K, 0 young (0K), 0 survivors (0K)
 Metaspace       used 60378K, committed 61184K, reserved 1114112K
  class space    used 7559K, committed 7872K, reserved 1048576K
}
Event: 3199.401 GC heap before
{Heap before GC invocations=160 (full 142):
 garbage-first heap   total 119808K, used 35894K [0x00000000c0000000, 0x0000000100000000)
  region size 1024K, 1 young (1024K), 0 survivors (0K)
 Metaspace       used 60378K, committed 61184K, reserved 1114112K
  class space    used 7559K, committed 7872K, reserved 1048576K
}
Event: 3199.457 GC heap after
{Heap after GC invocations=161 (full 143):
 garbage-first heap   total 119808K, used 35894K [0x00000000c0000000, 0x0000000100000000)
  region size 1024K, 0 young (0K), 0 survivors (0K)
 Metaspace       used 60378K, committed 61184K, reserved 1114112K
  class space    used 7559K, committed 7872K, reserved 1048576K
}
Event: 3209.770 GC heap before
{Heap before GC invocations=161 (full 143):
 garbage-first heap   total 119808K, used 35894K [0x00000000c0000000, 0x0000000100000000)
  region size 1024K, 1 young (1024K), 0 survivors (0K)
 Metaspace       used 60378K, committed 61184K, reserved 1114112K
  class space    used 7559K, committed 7872K, reserved 1048576K
}
Event: 3209.831 GC heap after
{Heap after GC invocations=162 (full 144):
 garbage-first heap   total 119808K, used 35894K [0x00000000c0000000, 0x0000000100000000)
  region size 1024K, 0 young (0K), 0 survivors (0K)
 Metaspace       used 60378K, committed 61184K, reserved 1114112K
  class space    used 7559K, committed 7872K, reserved 1048576K
}
Event: 3220.070 GC heap before
{Heap before GC invocations=162 (full 144):
 garbage-first heap   total 119808K, used 35894K [0x00000000c0000000, 0x0000000100000000)
  region size 1024K, 1 young (1024K), 0 survivors (0K)
 Metaspace       used 60378K, committed 61184K, reserved 1114112K
  class space    used 7559K, committed 7872K, reserved 1048576K
}
Event: 3220.123 GC heap after
{Heap after GC invocations=163 (full 145):
 garbage-first heap   total 119808K, used 35894K [0x00000000c0000000, 0x0000000100000000)
  region size 1024K, 0 young (0K), 0 survivors (0K)
 Metaspace       used 60378K, committed 61184K, reserved 1114112K
  class space    used 7559K, committed 7872K, reserved 1048576K
}

